Started GET "/" for 127.0.0.1 at 2023-12-07 13:51:33 +0600
  [1m[36mActiveRecord::SchemaMigration Pluck (0.7ms)[0m  [1m[34mSELECT "schema_migrations"."version" FROM "schema_migrations" ORDER BY "schema_migrations"."version" ASC[0m
Processing by Rails::WelcomeController#index as HTML
  Rendering /Users/mdmahadihasanrifat/.rbenv/versions/3.2.2/lib/ruby/gems/3.2.0/gems/railties-7.0.8/lib/rails/templates/rails/welcome/index.html.erb
  Rendered /Users/mdmahadihasanrifat/.rbenv/versions/3.2.2/lib/ruby/gems/3.2.0/gems/railties-7.0.8/lib/rails/templates/rails/welcome/index.html.erb (Duration: 1.1ms | Allocations: 635)
Completed 200 OK in 13ms (Views: 3.8ms | ActiveRecord: 0.0ms | Allocations: 7383)


Started GET "/users" for 127.0.0.1 at 2023-12-07 13:51:38 +0600
Processing by UsersController#index as HTML
  Rendering layout layouts/application.html.erb
  Rendering users/index.html.erb within layouts/application
  [1m[36mUser Load (1.2ms)[0m  [1m[34mSELECT "users".* FROM "users"[0m
  ↳ app/views/users/index.html.erb:2
  Rendered users/index.html.erb within layouts/application (Duration: 2.5ms | Allocations: 963)
  Rendered layout layouts/application.html.erb (Duration: 132.0ms | Allocations: 95098)
Completed 200 OK in 143ms (Views: 132.0ms | ActiveRecord: 1.2ms | Allocations: 99040)


Started GET "/users" for 127.0.0.1 at 2023-12-07 13:54:46 +0600
Processing by UsersController#index as HTML
  Rendering layout layouts/application.html.erb
  Rendering users/index.html.erb within layouts/application
  [1m[36mUser Load (1.1ms)[0m  [1m[34mSELECT "users".* FROM "users"[0m
  ↳ app/views/users/index.html.erb:2
  Rendered users/index.html.erb within layouts/application (Duration: 5.5ms | Allocations: 593)
  Rendered layout layouts/application.html.erb (Duration: 16.3ms | Allocations: 2994)
Completed 200 OK in 19ms (Views: 16.5ms | ActiveRecord: 1.1ms | Allocations: 3269)


Started GET "/users" for 127.0.0.1 at 2023-12-07 13:54:46 +0600
Processing by UsersController#index as HTML
  Rendering layout layouts/application.html.erb
  Rendering users/index.html.erb within layouts/application
  [1m[36mUser Load (0.3ms)[0m  [1m[34mSELECT "users".* FROM "users"[0m
  ↳ app/views/users/index.html.erb:2
  Rendered users/index.html.erb within layouts/application (Duration: 2.0ms | Allocations: 587)
  Rendered layout layouts/application.html.erb (Duration: 7.1ms | Allocations: 2969)
Completed 200 OK in 8ms (Views: 7.4ms | ActiveRecord: 0.3ms | Allocations: 3237)


Started GET "/users" for 127.0.0.1 at 2023-12-07 13:54:47 +0600
Processing by UsersController#index as HTML
  Rendering layout layouts/application.html.erb
  Rendering users/index.html.erb within layouts/application
  [1m[36mUser Load (0.5ms)[0m  [1m[34mSELECT "users".* FROM "users"[0m
  ↳ app/views/users/index.html.erb:2
  Rendered users/index.html.erb within layouts/application (Duration: 1.8ms | Allocations: 587)
  Rendered layout layouts/application.html.erb (Duration: 5.2ms | Allocations: 2987)
Completed 200 OK in 6ms (Views: 5.1ms | ActiveRecord: 0.5ms | Allocations: 3255)


Started GET "/" for 127.0.0.1 at 2023-12-07 13:55:34 +0600
  [1m[36mActiveRecord::SchemaMigration Pluck (0.7ms)[0m  [1m[34mSELECT "schema_migrations"."version" FROM "schema_migrations" ORDER BY "schema_migrations"."version" ASC[0m
Processing by Rails::WelcomeController#index as HTML
  Rendering /Users/mdmahadihasanrifat/.rbenv/versions/3.2.2/lib/ruby/gems/3.2.0/gems/railties-7.0.8/lib/rails/templates/rails/welcome/index.html.erb
  Rendered /Users/mdmahadihasanrifat/.rbenv/versions/3.2.2/lib/ruby/gems/3.2.0/gems/railties-7.0.8/lib/rails/templates/rails/welcome/index.html.erb (Duration: 0.8ms | Allocations: 490)
Completed 200 OK in 8ms (Views: 2.5ms | ActiveRecord: 0.0ms | Allocations: 4239)


  [1m[36mActiveRecord::SchemaMigration Pluck (0.6ms)[0m  [1m[34mSELECT "schema_migrations"."version" FROM "schema_migrations" ORDER BY "schema_migrations"."version" ASC[0m
  [1m[36mTRANSACTION (0.1ms)[0m  [1m[35mBEGIN[0m
  [1m[36mUser Create (1.7ms)[0m  [1m[32mINSERT INTO "users" ("name", "photo", "bio", "posts_counter", "created_at", "updated_at") VALUES ($1, $2, $3, $4, $5, $6) RETURNING "id"[0m  [["name", "John Doe"], ["photo", "john.jpg"], ["bio", "A bio about John Doe"], ["posts_counter", 3], ["created_at", "2023-12-07 07:57:56.073945"], ["updated_at", "2023-12-07 07:57:56.073945"]]
  [1m[36mTRANSACTION (0.3ms)[0m  [1m[35mCOMMIT[0m
  [1m[36mTRANSACTION (0.0ms)[0m  [1m[35mBEGIN[0m
  [1m[36mUser Create (0.2ms)[0m  [1m[32mINSERT INTO "users" ("name", "photo", "bio", "posts_counter", "created_at", "updated_at") VALUES ($1, $2, $3, $4, $5, $6) RETURNING "id"[0m  [["name", "Jane Smith"], ["photo", "jane.jpg"], ["bio", "A bio about Jane Smith"], ["posts_counter", 5], ["created_at", "2023-12-07 07:57:56.077434"], ["updated_at", "2023-12-07 07:57:56.077434"]]
  [1m[36mTRANSACTION (0.1ms)[0m  [1m[35mCOMMIT[0m
  [1m[36mUser Load (0.2ms)[0m  [1m[34mSELECT "users".* FROM "users"[0m
  [1m[36mTRANSACTION (0.1ms)[0m  [1m[35mBEGIN[0m
  [1m[36mUser Load (0.1ms)[0m  [1m[34mSELECT "users".* FROM "users" WHERE "users"."id" = $1 LIMIT $2[0m  [["id", 1], ["LIMIT", 1]]
  [1m[36mTRANSACTION (0.1ms)[0m  [1m[31mROLLBACK[0m
  [1m[36mTRANSACTION (0.0ms)[0m  [1m[35mBEGIN[0m
  [1m[36mUser Load (0.1ms)[0m  [1m[34mSELECT "users".* FROM "users" WHERE "users"."id" = $1 LIMIT $2[0m  [["id", 1], ["LIMIT", 1]]
  [1m[36mTRANSACTION (0.1ms)[0m  [1m[31mROLLBACK[0m
  [1m[36mTRANSACTION (0.0ms)[0m  [1m[35mBEGIN[0m
  [1m[36mUser Load (0.1ms)[0m  [1m[34mSELECT "users".* FROM "users" WHERE "users"."id" = $1 LIMIT $2[0m  [["id", 2], ["LIMIT", 1]]
  [1m[36mTRANSACTION (0.1ms)[0m  [1m[31mROLLBACK[0m
  [1m[36mTRANSACTION (0.0ms)[0m  [1m[35mBEGIN[0m
  [1m[36mUser Load (0.1ms)[0m  [1m[34mSELECT "users".* FROM "users" WHERE "users"."id" = $1 LIMIT $2[0m  [["id", 2], ["LIMIT", 1]]
  [1m[36mTRANSACTION (0.1ms)[0m  [1m[31mROLLBACK[0m
Started GET "/" for 127.0.0.1 at 2023-12-07 13:58:24 +0600
  [1m[36mActiveRecord::SchemaMigration Pluck (1.0ms)[0m  [1m[34mSELECT "schema_migrations"."version" FROM "schema_migrations" ORDER BY "schema_migrations"."version" ASC[0m
Processing by Rails::WelcomeController#index as HTML
  Rendering /Users/mdmahadihasanrifat/.rbenv/versions/3.2.2/lib/ruby/gems/3.2.0/gems/railties-7.0.8/lib/rails/templates/rails/welcome/index.html.erb
  Rendered /Users/mdmahadihasanrifat/.rbenv/versions/3.2.2/lib/ruby/gems/3.2.0/gems/railties-7.0.8/lib/rails/templates/rails/welcome/index.html.erb (Duration: 0.7ms | Allocations: 490)
Completed 200 OK in 6ms (Views: 1.7ms | ActiveRecord: 0.0ms | Allocations: 4240)


Started GET "/users" for 127.0.0.1 at 2023-12-07 13:58:27 +0600
Processing by UsersController#index as HTML
  Rendering layout layouts/application.html.erb
  Rendering users/index.html.erb within layouts/application
  [1m[36mUser Load (0.8ms)[0m  [1m[34mSELECT "users".* FROM "users"[0m
  ↳ app/views/users/index.html.erb:2
  Rendered users/_user_info.html.erb (Duration: 1.3ms | Allocations: 381)
  Rendered users/_user_info.html.erb (Duration: 0.1ms | Allocations: 54)
  Rendered users/index.html.erb within layouts/application (Duration: 25.9ms | Allocations: 6325)
  Rendered layout layouts/application.html.erb (Duration: 58.3ms | Allocations: 45958)
Completed 200 OK in 66ms (Views: 43.2ms | ActiveRecord: 16.1ms | Allocations: 49509)


Started GET "/users/1" for 127.0.0.1 at 2023-12-07 13:58:33 +0600
Processing by UsersController#show as HTML
  Parameters: {"id"=>"1"}
  [1m[36mUser Load (0.4ms)[0m  [1m[34mSELECT "users".* FROM "users" WHERE "users"."id" = $1 LIMIT $2[0m  [["id", 1], ["LIMIT", 1]]
  ↳ app/controllers/users_controller.rb:7:in `show'
  Rendering layout layouts/application.html.erb
  Rendering users/show.html.erb within layouts/application
  [1m[36mPost Load (3.2ms)[0m  [1m[34mSELECT "posts".* FROM "posts" WHERE "posts"."author_id" = $1 ORDER BY "posts"."created_at" DESC LIMIT $2[0m  [["author_id", 1], ["LIMIT", 3]]
  ↳ app/views/users/show.html.erb:13
  Rendered users/show.html.erb within layouts/application (Duration: 11.4ms | Allocations: 2246)
  Rendered layout layouts/application.html.erb (Duration: 15.0ms | Allocations: 4620)
Completed 200 OK in 33ms (Views: 10.2ms | ActiveRecord: 6.0ms | Allocations: 10351)


Started GET "/users/1/posts" for 127.0.0.1 at 2023-12-07 13:58:36 +0600
Processing by PostsController#index as HTML
  Parameters: {"user_id"=>"1"}
  [1m[36mUser Load (0.5ms)[0m  [1m[34mSELECT "users".* FROM "users" WHERE "users"."id" = $1 LIMIT $2[0m  [["id", 1], ["LIMIT", 1]]
  ↳ app/controllers/posts_controller.rb:3:in `index'
  Rendering layout layouts/application.html.erb
  Rendering posts/index.html.erb within layouts/application
  [1m[36mPost Load (0.3ms)[0m  [1m[34mSELECT "posts".* FROM "posts" WHERE "posts"."author_id" = $1[0m  [["author_id", 1]]
  ↳ app/views/posts/index.html.erb:10
  Rendered posts/index.html.erb within layouts/application (Duration: 10.0ms | Allocations: 2216)
  Rendered layout layouts/application.html.erb (Duration: 13.9ms | Allocations: 4692)
Completed 200 OK in 21ms (Views: 15.9ms | ActiveRecord: 0.8ms | Allocations: 6027)


Started GET "/users/2" for 127.0.0.1 at 2023-12-07 13:58:44 +0600
Processing by UsersController#show as HTML
  Parameters: {"id"=>"2"}
  [1m[36mUser Load (0.5ms)[0m  [1m[34mSELECT "users".* FROM "users" WHERE "users"."id" = $1 LIMIT $2[0m  [["id", 2], ["LIMIT", 1]]
  ↳ app/controllers/users_controller.rb:7:in `show'
  Rendering layout layouts/application.html.erb
  Rendering users/show.html.erb within layouts/application
  [1m[36mPost Load (0.4ms)[0m  [1m[34mSELECT "posts".* FROM "posts" WHERE "posts"."author_id" = $1 ORDER BY "posts"."created_at" DESC LIMIT $2[0m  [["author_id", 2], ["LIMIT", 3]]
  ↳ app/views/users/show.html.erb:13
  Rendered users/show.html.erb within layouts/application (Duration: 3.3ms | Allocations: 859)
  Rendered layout layouts/application.html.erb (Duration: 7.9ms | Allocations: 3230)
Completed 200 OK in 13ms (Views: 8.3ms | ActiveRecord: 0.9ms | Allocations: 4057)


Started GET "/users/2/posts" for 127.0.0.1 at 2023-12-07 13:58:45 +0600
Processing by PostsController#index as HTML
  Parameters: {"user_id"=>"2"}
  [1m[36mUser Load (0.3ms)[0m  [1m[34mSELECT "users".* FROM "users" WHERE "users"."id" = $1 LIMIT $2[0m  [["id", 2], ["LIMIT", 1]]
  ↳ app/controllers/posts_controller.rb:3:in `index'
  Rendering layout layouts/application.html.erb
  Rendering posts/index.html.erb within layouts/application
  [1m[36mPost Load (0.3ms)[0m  [1m[34mSELECT "posts".* FROM "posts" WHERE "posts"."author_id" = $1[0m  [["author_id", 2]]
  ↳ app/views/posts/index.html.erb:10
  Rendered posts/index.html.erb within layouts/application (Duration: 1.8ms | Allocations: 661)
  Rendered layout layouts/application.html.erb (Duration: 7.0ms | Allocations: 3041)
Completed 200 OK in 10ms (Views: 7.4ms | ActiveRecord: 0.6ms | Allocations: 3967)


Started GET "/users" for 127.0.0.1 at 2023-12-07 14:00:25 +0600
Processing by UsersController#index as HTML
  Rendering layout layouts/application.html.erb
  Rendering users/index.html.erb within layouts/application
  [1m[36mUser Load (0.3ms)[0m  [1m[34mSELECT "users".* FROM "users"[0m
  ↳ app/views/users/index.html.erb:2
  Rendered users/_user_info.html.erb (Duration: 0.3ms | Allocations: 65)
  Rendered users/_user_info.html.erb (Duration: 0.1ms | Allocations: 54)
  Rendered users/index.html.erb within layouts/application (Duration: 2.2ms | Allocations: 850)
  Rendered layout layouts/application.html.erb (Duration: 7.4ms | Allocations: 3243)
Completed 200 OK in 9ms (Views: 8.0ms | ActiveRecord: 0.3ms | Allocations: 3511)


Started GET "/users" for 127.0.0.1 at 2023-12-07 14:00:25 +0600
Processing by UsersController#index as HTML
  Rendering layout layouts/application.html.erb
  Rendering users/index.html.erb within layouts/application
  [1m[36mUser Load (0.5ms)[0m  [1m[34mSELECT "users".* FROM "users"[0m
  ↳ app/views/users/index.html.erb:2
  Rendered users/_user_info.html.erb (Duration: 0.5ms | Allocations: 65)
  Rendered users/_user_info.html.erb (Duration: 0.1ms | Allocations: 54)
  Rendered users/index.html.erb within layouts/application (Duration: 3.3ms | Allocations: 850)
  Rendered layout layouts/application.html.erb (Duration: 8.4ms | Allocations: 3237)
Completed 200 OK in 10ms (Views: 8.7ms | ActiveRecord: 0.5ms | Allocations: 3505)


Started GET "/users" for 127.0.0.1 at 2023-12-07 14:00:26 +0600
Processing by UsersController#index as HTML
  Rendering layout layouts/application.html.erb
  Rendering users/index.html.erb within layouts/application
  [1m[36mUser Load (0.3ms)[0m  [1m[34mSELECT "users".* FROM "users"[0m
  ↳ app/views/users/index.html.erb:2
  Rendered users/_user_info.html.erb (Duration: 0.2ms | Allocations: 65)
  Rendered users/_user_info.html.erb (Duration: 0.1ms | Allocations: 54)
  Rendered users/index.html.erb within layouts/application (Duration: 1.8ms | Allocations: 850)
  Rendered layout layouts/application.html.erb (Duration: 4.6ms | Allocations: 3222)
Completed 200 OK in 5ms (Views: 4.7ms | ActiveRecord: 0.3ms | Allocations: 3490)


Started GET "/users" for 127.0.0.1 at 2023-12-07 14:00:26 +0600
Processing by UsersController#index as HTML
  Rendering layout layouts/application.html.erb
  Rendering users/index.html.erb within layouts/application
  [1m[36mUser Load (0.4ms)[0m  [1m[34mSELECT "users".* FROM "users"[0m
  ↳ app/views/users/index.html.erb:2
  Rendered users/_user_info.html.erb (Duration: 0.4ms | Allocations: 65)
  Rendered users/_user_info.html.erb (Duration: 0.1ms | Allocations: 54)
  Rendered users/index.html.erb within layouts/application (Duration: 2.9ms | Allocations: 850)
  Rendered layout layouts/application.html.erb (Duration: 7.1ms | Allocations: 3237)
Completed 200 OK in 9ms (Views: 7.4ms | ActiveRecord: 0.4ms | Allocations: 3505)


Started GET "/users" for 127.0.0.1 at 2023-12-07 14:00:26 +0600
Processing by UsersController#index as HTML
  Rendering layout layouts/application.html.erb
  Rendering users/index.html.erb within layouts/application
  [1m[36mUser Load (0.3ms)[0m  [1m[34mSELECT "users".* FROM "users"[0m
  ↳ app/views/users/index.html.erb:2
  Rendered users/_user_info.html.erb (Duration: 0.4ms | Allocations: 65)
  Rendered users/_user_info.html.erb (Duration: 0.1ms | Allocations: 54)
  Rendered users/index.html.erb within layouts/application (Duration: 2.7ms | Allocations: 850)
  Rendered layout layouts/application.html.erb (Duration: 6.8ms | Allocations: 3225)
Completed 200 OK in 8ms (Views: 7.1ms | ActiveRecord: 0.3ms | Allocations: 3493)


Started GET "/users/2" for 127.0.0.1 at 2023-12-07 14:00:45 +0600
Processing by UsersController#show as HTML
  Parameters: {"id"=>"2"}
  [1m[36mUser Load (0.4ms)[0m  [1m[34mSELECT "users".* FROM "users" WHERE "users"."id" = $1 LIMIT $2[0m  [["id", 2], ["LIMIT", 1]]
  ↳ app/controllers/users_controller.rb:7:in `show'
  Rendering layout layouts/application.html.erb
  Rendering users/show.html.erb within layouts/application
  [1m[36mPost Load (0.8ms)[0m  [1m[34mSELECT "posts".* FROM "posts" WHERE "posts"."author_id" = $1 ORDER BY "posts"."created_at" DESC LIMIT $2[0m  [["author_id", 2], ["LIMIT", 3]]
  ↳ app/views/users/show.html.erb:13
  Rendered users/show.html.erb within layouts/application (Duration: 3.7ms | Allocations: 859)
  Rendered layout layouts/application.html.erb (Duration: 8.3ms | Allocations: 3247)
Completed 200 OK in 12ms (Views: 8.1ms | ActiveRecord: 1.2ms | Allocations: 4062)


Started GET "/users/2/posts" for 127.0.0.1 at 2023-12-07 14:00:47 +0600
Processing by PostsController#index as HTML
  Parameters: {"user_id"=>"2"}
  [1m[36mUser Load (0.6ms)[0m  [1m[34mSELECT "users".* FROM "users" WHERE "users"."id" = $1 LIMIT $2[0m  [["id", 2], ["LIMIT", 1]]
  ↳ app/controllers/posts_controller.rb:3:in `index'
  Rendering layout layouts/application.html.erb
  Rendering posts/index.html.erb within layouts/application
  [1m[36mPost Load (0.4ms)[0m  [1m[34mSELECT "posts".* FROM "posts" WHERE "posts"."author_id" = $1[0m  [["author_id", 2]]
  ↳ app/views/posts/index.html.erb:10
  Rendered posts/index.html.erb within layouts/application (Duration: 2.0ms | Allocations: 661)
  Rendered layout layouts/application.html.erb (Duration: 6.9ms | Allocations: 3035)
Completed 200 OK in 12ms (Views: 7.3ms | ActiveRecord: 0.9ms | Allocations: 3961)


  [1m[36mActiveRecord::SchemaMigration Pluck (0.9ms)[0m  [1m[34mSELECT "schema_migrations"."version" FROM "schema_migrations" ORDER BY "schema_migrations"."version" ASC[0m
  [1m[36mTRANSACTION (0.1ms)[0m  [1m[35mBEGIN[0m
  [1m[36mUser Create (0.3ms)[0m  [1m[32mINSERT INTO "users" ("name", "photo", "bio", "posts_counter", "created_at", "updated_at") VALUES ($1, $2, $3, $4, $5, $6) RETURNING "id"[0m  [["name", "John Doe"], ["photo", "app/assets/images/john.jpg"], ["bio", "A bio about John Doe"], ["posts_counter", 3], ["created_at", "2023-12-07 08:01:43.335713"], ["updated_at", "2023-12-07 08:01:43.335713"]]
  [1m[36mTRANSACTION (0.4ms)[0m  [1m[35mCOMMIT[0m
  [1m[36mTRANSACTION (0.0ms)[0m  [1m[35mBEGIN[0m
  [1m[36mUser Create (0.2ms)[0m  [1m[32mINSERT INTO "users" ("name", "photo", "bio", "posts_counter", "created_at", "updated_at") VALUES ($1, $2, $3, $4, $5, $6) RETURNING "id"[0m  [["name", "Jane Smith"], ["photo", "jane.jpg"], ["bio", "A bio about Jane Smith"], ["posts_counter", 3], ["created_at", "2023-12-07 08:01:43.341748"], ["updated_at", "2023-12-07 08:01:43.341748"]]
  [1m[36mTRANSACTION (0.2ms)[0m  [1m[35mCOMMIT[0m
  [1m[36mUser Load (0.3ms)[0m  [1m[34mSELECT "users".* FROM "users"[0m
  [1m[36mTRANSACTION (0.1ms)[0m  [1m[35mBEGIN[0m
  [1m[36mUser Load (0.1ms)[0m  [1m[34mSELECT "users".* FROM "users" WHERE "users"."id" = $1 LIMIT $2[0m  [["id", 1], ["LIMIT", 1]]
  [1m[36mTRANSACTION (0.1ms)[0m  [1m[31mROLLBACK[0m
  [1m[36mTRANSACTION (0.1ms)[0m  [1m[35mBEGIN[0m
  [1m[36mUser Load (0.1ms)[0m  [1m[34mSELECT "users".* FROM "users" WHERE "users"."id" = $1 LIMIT $2[0m  [["id", 1], ["LIMIT", 1]]
  [1m[36mTRANSACTION (0.1ms)[0m  [1m[31mROLLBACK[0m
  [1m[36mTRANSACTION (0.0ms)[0m  [1m[35mBEGIN[0m
  [1m[36mUser Load (0.1ms)[0m  [1m[34mSELECT "users".* FROM "users" WHERE "users"."id" = $1 LIMIT $2[0m  [["id", 2], ["LIMIT", 1]]
  [1m[36mTRANSACTION (0.1ms)[0m  [1m[31mROLLBACK[0m
  [1m[36mTRANSACTION (0.0ms)[0m  [1m[35mBEGIN[0m
  [1m[36mUser Load (0.1ms)[0m  [1m[34mSELECT "users".* FROM "users" WHERE "users"."id" = $1 LIMIT $2[0m  [["id", 2], ["LIMIT", 1]]
  [1m[36mTRANSACTION (0.1ms)[0m  [1m[31mROLLBACK[0m
  [1m[36mTRANSACTION (0.0ms)[0m  [1m[35mBEGIN[0m
  [1m[36mUser Load (0.1ms)[0m  [1m[34mSELECT "users".* FROM "users" WHERE "users"."id" = $1 LIMIT $2[0m  [["id", 3], ["LIMIT", 1]]
  [1m[36mTRANSACTION (0.1ms)[0m  [1m[31mROLLBACK[0m
  [1m[36mTRANSACTION (0.0ms)[0m  [1m[35mBEGIN[0m
  [1m[36mUser Load (0.1ms)[0m  [1m[34mSELECT "users".* FROM "users" WHERE "users"."id" = $1 LIMIT $2[0m  [["id", 3], ["LIMIT", 1]]
  [1m[36mTRANSACTION (0.1ms)[0m  [1m[31mROLLBACK[0m
  [1m[36mTRANSACTION (0.1ms)[0m  [1m[35mBEGIN[0m
  [1m[36mUser Load (0.1ms)[0m  [1m[34mSELECT "users".* FROM "users" WHERE "users"."id" = $1 LIMIT $2[0m  [["id", 4], ["LIMIT", 1]]
  [1m[36mTRANSACTION (0.1ms)[0m  [1m[31mROLLBACK[0m
  [1m[36mTRANSACTION (0.1ms)[0m  [1m[35mBEGIN[0m
  [1m[36mUser Load (0.1ms)[0m  [1m[34mSELECT "users".* FROM "users" WHERE "users"."id" = $1 LIMIT $2[0m  [["id", 4], ["LIMIT", 1]]
  [1m[36mTRANSACTION (0.1ms)[0m  [1m[31mROLLBACK[0m
Started GET "/users/2/posts" for 127.0.0.1 at 2023-12-07 14:01:47 +0600
Processing by PostsController#index as HTML
  Parameters: {"user_id"=>"2"}
  [1m[36mUser Load (0.3ms)[0m  [1m[34mSELECT "users".* FROM "users" WHERE "users"."id" = $1 LIMIT $2[0m  [["id", 2], ["LIMIT", 1]]
  ↳ app/controllers/posts_controller.rb:3:in `index'
  Rendering layout layouts/application.html.erb
  Rendering posts/index.html.erb within layouts/application
  [1m[36mPost Load (0.6ms)[0m  [1m[34mSELECT "posts".* FROM "posts" WHERE "posts"."author_id" = $1[0m  [["author_id", 2]]
  ↳ app/views/posts/index.html.erb:10
  Rendered posts/index.html.erb within layouts/application (Duration: 2.0ms | Allocations: 661)
  Rendered layout layouts/application.html.erb (Duration: 7.6ms | Allocations: 3056)
Completed 200 OK in 13ms (Views: 7.8ms | ActiveRecord: 0.9ms | Allocations: 3980)


Started GET "/users/2" for 127.0.0.1 at 2023-12-07 14:01:48 +0600
Processing by UsersController#show as HTML
  Parameters: {"id"=>"2"}
  [1m[36mUser Load (0.1ms)[0m  [1m[34mSELECT "users".* FROM "users" WHERE "users"."id" = $1 LIMIT $2[0m  [["id", 2], ["LIMIT", 1]]
  ↳ app/controllers/users_controller.rb:7:in `show'
  Rendering layout layouts/application.html.erb
  Rendering users/show.html.erb within layouts/application
  [1m[36mPost Load (0.2ms)[0m  [1m[34mSELECT "posts".* FROM "posts" WHERE "posts"."author_id" = $1 ORDER BY "posts"."created_at" DESC LIMIT $2[0m  [["author_id", 2], ["LIMIT", 3]]
  ↳ app/views/users/show.html.erb:13
  Rendered users/show.html.erb within layouts/application (Duration: 1.8ms | Allocations: 859)
  Rendered layout layouts/application.html.erb (Duration: 15.5ms | Allocations: 3260)
Completed 200 OK in 18ms (Views: 15.7ms | ActiveRecord: 0.4ms | Allocations: 4074)


Started GET "/users" for 127.0.0.1 at 2023-12-07 14:01:48 +0600
Processing by UsersController#index as HTML
  Rendering layout layouts/application.html.erb
  Rendering users/index.html.erb within layouts/application
  [1m[36mUser Load (0.3ms)[0m  [1m[34mSELECT "users".* FROM "users"[0m
  ↳ app/views/users/index.html.erb:2
  Rendered users/_user_info.html.erb (Duration: 0.2ms | Allocations: 65)
  Rendered users/_user_info.html.erb (Duration: 0.1ms | Allocations: 54)
  Rendered users/_user_info.html.erb (Duration: 0.1ms | Allocations: 55)
  Rendered users/_user_info.html.erb (Duration: 0.1ms | Allocations: 54)
  Rendered users/index.html.erb within layouts/application (Duration: 2.3ms | Allocations: 1095)
  Rendered layout layouts/application.html.erb (Duration: 6.4ms | Allocations: 3494)
Completed 200 OK in 7ms (Views: 6.5ms | ActiveRecord: 0.3ms | Allocations: 3764)


Started GET "/users" for 127.0.0.1 at 2023-12-07 14:01:50 +0600
Processing by UsersController#index as HTML
  Rendering layout layouts/application.html.erb
  Rendering users/index.html.erb within layouts/application
  [1m[36mUser Load (0.4ms)[0m  [1m[34mSELECT "users".* FROM "users"[0m
  ↳ app/views/users/index.html.erb:2
  Rendered users/_user_info.html.erb (Duration: 0.4ms | Allocations: 65)
  Rendered users/_user_info.html.erb (Duration: 0.1ms | Allocations: 54)
  Rendered users/_user_info.html.erb (Duration: 0.1ms | Allocations: 55)
  Rendered users/_user_info.html.erb (Duration: 0.1ms | Allocations: 54)
  Rendered users/index.html.erb within layouts/application (Duration: 3.4ms | Allocations: 1095)
  Rendered layout layouts/application.html.erb (Duration: 7.7ms | Allocations: 3473)
Completed 200 OK in 10ms (Views: 7.9ms | ActiveRecord: 0.4ms | Allocations: 3741)


  [1m[36mActiveRecord::SchemaMigration Pluck (0.8ms)[0m  [1m[34mSELECT "schema_migrations"."version" FROM "schema_migrations" ORDER BY "schema_migrations"."version" ASC[0m
  [1m[36mActiveRecord::SchemaMigration Pluck (0.9ms)[0m  [1m[34mSELECT "schema_migrations"."version" FROM "schema_migrations" ORDER BY "schema_migrations"."version" ASC[0m
  [1m[36mActiveRecord::SchemaMigration Pluck (0.8ms)[0m  [1m[34mSELECT "schema_migrations"."version" FROM "schema_migrations" ORDER BY "schema_migrations"."version" ASC[0m
  [1m[36mActiveRecord::SchemaMigration Pluck (0.9ms)[0m  [1m[34mSELECT "schema_migrations"."version" FROM "schema_migrations" ORDER BY "schema_migrations"."version" ASC[0m
  [1m[36mActiveRecord::SchemaMigration Pluck (0.9ms)[0m  [1m[34mSELECT "schema_migrations"."version" FROM "schema_migrations" ORDER BY "schema_migrations"."version" ASC[0m
  [1m[36mTRANSACTION (0.1ms)[0m  [1m[35mBEGIN[0m
  [1m[36mUser Create (0.4ms)[0m  [1m[32mINSERT INTO "users" ("name", "photo", "bio", "posts_counter", "created_at", "updated_at") VALUES ($1, $2, $3, $4, $5, $6) RETURNING "id"[0m  [["name", "John Doe"], ["photo", "https://lorempixel.com/50/50"], ["bio", "A bio about John Doe"], ["posts_counter", 3], ["created_at", "2023-12-07 08:05:43.261801"], ["updated_at", "2023-12-07 08:05:43.261801"]]
  [1m[36mTRANSACTION (0.4ms)[0m  [1m[35mCOMMIT[0m
  [1m[36mTRANSACTION (0.0ms)[0m  [1m[35mBEGIN[0m
  [1m[36mUser Create (0.2ms)[0m  [1m[32mINSERT INTO "users" ("name", "photo", "bio", "posts_counter", "created_at", "updated_at") VALUES ($1, $2, $3, $4, $5, $6) RETURNING "id"[0m  [["name", "Jane Smith"], ["photo", "https://lorempixel.com/50/50"], ["bio", "A bio about Jane Smith"], ["posts_counter", 5], ["created_at", "2023-12-07 08:05:43.263967"], ["updated_at", "2023-12-07 08:05:43.263967"]]
  [1m[36mTRANSACTION (0.1ms)[0m  [1m[35mCOMMIT[0m
  [1m[36mUser Load (0.3ms)[0m  [1m[34mSELECT "users".* FROM "users"[0m
  [1m[36mTRANSACTION (0.1ms)[0m  [1m[35mBEGIN[0m
  [1m[36mUser Load (11.3ms)[0m  [1m[34mSELECT "users".* FROM "users" WHERE "users"."id" = $1 LIMIT $2[0m  [["id", 1], ["LIMIT", 1]]
  [1m[36mTRANSACTION (0.1ms)[0m  [1m[31mROLLBACK[0m
  [1m[36mTRANSACTION (0.1ms)[0m  [1m[35mBEGIN[0m
  [1m[36mUser Load (0.1ms)[0m  [1m[34mSELECT "users".* FROM "users" WHERE "users"."id" = $1 LIMIT $2[0m  [["id", 1], ["LIMIT", 1]]
  [1m[36mTRANSACTION (0.1ms)[0m  [1m[31mROLLBACK[0m
  [1m[36mTRANSACTION (0.1ms)[0m  [1m[35mBEGIN[0m
  [1m[36mUser Load (0.2ms)[0m  [1m[34mSELECT "users".* FROM "users" WHERE "users"."id" = $1 LIMIT $2[0m  [["id", 2], ["LIMIT", 1]]
  [1m[36mTRANSACTION (0.1ms)[0m  [1m[31mROLLBACK[0m
  [1m[36mTRANSACTION (0.1ms)[0m  [1m[35mBEGIN[0m
  [1m[36mUser Load (0.1ms)[0m  [1m[34mSELECT "users".* FROM "users" WHERE "users"."id" = $1 LIMIT $2[0m  [["id", 2], ["LIMIT", 1]]
  [1m[36mTRANSACTION (0.0ms)[0m  [1m[31mROLLBACK[0m
  [1m[36mTRANSACTION (0.0ms)[0m  [1m[35mBEGIN[0m
  [1m[36mUser Load (0.1ms)[0m  [1m[34mSELECT "users".* FROM "users" WHERE "users"."id" = $1 LIMIT $2[0m  [["id", 3], ["LIMIT", 1]]
  [1m[36mTRANSACTION (0.1ms)[0m  [1m[31mROLLBACK[0m
  [1m[36mTRANSACTION (0.1ms)[0m  [1m[35mBEGIN[0m
  [1m[36mUser Load (0.2ms)[0m  [1m[34mSELECT "users".* FROM "users" WHERE "users"."id" = $1 LIMIT $2[0m  [["id", 3], ["LIMIT", 1]]
  [1m[36mTRANSACTION (0.1ms)[0m  [1m[31mROLLBACK[0m
  [1m[36mTRANSACTION (0.0ms)[0m  [1m[35mBEGIN[0m
  [1m[36mUser Load (0.1ms)[0m  [1m[34mSELECT "users".* FROM "users" WHERE "users"."id" = $1 LIMIT $2[0m  [["id", 4], ["LIMIT", 1]]
  [1m[36mTRANSACTION (0.1ms)[0m  [1m[31mROLLBACK[0m
  [1m[36mTRANSACTION (0.1ms)[0m  [1m[35mBEGIN[0m
  [1m[36mUser Load (0.1ms)[0m  [1m[34mSELECT "users".* FROM "users" WHERE "users"."id" = $1 LIMIT $2[0m  [["id", 4], ["LIMIT", 1]]
  [1m[36mTRANSACTION (0.1ms)[0m  [1m[31mROLLBACK[0m
  [1m[36mTRANSACTION (0.1ms)[0m  [1m[35mBEGIN[0m
  [1m[36mUser Load (0.1ms)[0m  [1m[34mSELECT "users".* FROM "users" WHERE "users"."id" = $1 LIMIT $2[0m  [["id", 5], ["LIMIT", 1]]
  [1m[36mTRANSACTION (0.1ms)[0m  [1m[31mROLLBACK[0m
  [1m[36mTRANSACTION (0.1ms)[0m  [1m[35mBEGIN[0m
  [1m[36mUser Load (0.1ms)[0m  [1m[34mSELECT "users".* FROM "users" WHERE "users"."id" = $1 LIMIT $2[0m  [["id", 5], ["LIMIT", 1]]
  [1m[36mTRANSACTION (0.1ms)[0m  [1m[31mROLLBACK[0m
  [1m[36mTRANSACTION (0.1ms)[0m  [1m[35mBEGIN[0m
  [1m[36mUser Load (0.1ms)[0m  [1m[34mSELECT "users".* FROM "users" WHERE "users"."id" = $1 LIMIT $2[0m  [["id", 6], ["LIMIT", 1]]
  [1m[36mTRANSACTION (0.1ms)[0m  [1m[31mROLLBACK[0m
  [1m[36mTRANSACTION (0.1ms)[0m  [1m[35mBEGIN[0m
  [1m[36mUser Load (0.1ms)[0m  [1m[34mSELECT "users".* FROM "users" WHERE "users"."id" = $1 LIMIT $2[0m  [["id", 6], ["LIMIT", 1]]
  [1m[36mTRANSACTION (0.1ms)[0m  [1m[31mROLLBACK[0m
Started GET "/" for 127.0.0.1 at 2023-12-07 14:05:48 +0600
  [1m[36mActiveRecord::SchemaMigration Pluck (0.6ms)[0m  [1m[34mSELECT "schema_migrations"."version" FROM "schema_migrations" ORDER BY "schema_migrations"."version" ASC[0m
Processing by Rails::WelcomeController#index as HTML
  Rendering /Users/mdmahadihasanrifat/.rbenv/versions/3.2.2/lib/ruby/gems/3.2.0/gems/railties-7.0.8/lib/rails/templates/rails/welcome/index.html.erb
  Rendered /Users/mdmahadihasanrifat/.rbenv/versions/3.2.2/lib/ruby/gems/3.2.0/gems/railties-7.0.8/lib/rails/templates/rails/welcome/index.html.erb (Duration: 0.7ms | Allocations: 490)
Completed 200 OK in 603ms (Views: 1.7ms | ActiveRecord: 0.0ms | Allocations: 949364)


Started GET "/users" for 127.0.0.1 at 2023-12-07 14:05:52 +0600
Processing by UsersController#index as HTML
  Rendering layout layouts/application.html.erb
  Rendering users/index.html.erb within layouts/application
  [1m[36mUser Load (0.5ms)[0m  [1m[34mSELECT "users".* FROM "users"[0m
  ↳ app/views/users/index.html.erb:2
  Rendered users/_user_info.html.erb (Duration: 0.6ms | Allocations: 381)
  Rendered users/_user_info.html.erb (Duration: 0.0ms | Allocations: 54)
  Rendered users/_user_info.html.erb (Duration: 0.0ms | Allocations: 55)
  Rendered users/_user_info.html.erb (Duration: 0.0ms | Allocations: 54)
  Rendered users/_user_info.html.erb (Duration: 0.0ms | Allocations: 55)
  Rendered users/_user_info.html.erb (Duration: 0.0ms | Allocations: 55)
  Rendered users/index.html.erb within layouts/application (Duration: 10.6ms | Allocations: 6813)
  Rendered layout layouts/application.html.erb (Duration: 37.1ms | Allocations: 41344)
Completed 200 OK in 44ms (Views: 33.7ms | ActiveRecord: 4.4ms | Allocations: 45066)


Started GET "/" for 127.0.0.1 at 2023-12-12 23:24:55 +0600
  [1m[36mActiveRecord::SchemaMigration Pluck (1.2ms)[0m  [1m[34mSELECT "schema_migrations"."version" FROM "schema_migrations" ORDER BY "schema_migrations"."version" ASC[0m
  [1m[36mCACHE ActiveRecord::SchemaMigration Pluck (0.0ms)[0m  [1m[34mSELECT "schema_migrations"."version" FROM "schema_migrations" ORDER BY "schema_migrations"."version" ASC[0m
  
ActiveRecord::PendingMigrationError (

Migrations are pending. To resolve this issue, run:

        bin/rails db:migrate RAILS_ENV=development

You have 2 pending migrations:

20231003123637_add_devise_to_users.rb
20231003184007_add_default_photo_to_users.rb


):
  
activerecord (7.0.8) lib/active_record/migration.rb:662:in `check_pending!'
activerecord (7.0.8) lib/active_record/migration.rb:627:in `block (2 levels) in call'
activesupport (7.0.8) lib/active_support/file_update_checker.rb:83:in `execute'
activerecord (7.0.8) lib/active_record/migration.rb:632:in `block in call'
activerecord (7.0.8) lib/active_record/migration.rb:624:in `synchronize'
activerecord (7.0.8) lib/active_record/migration.rb:624:in `call'
actionpack (7.0.8) lib/action_dispatch/middleware/callbacks.rb:27:in `block in call'
activesupport (7.0.8) lib/active_support/callbacks.rb:99:in `run_callbacks'
actionpack (7.0.8) lib/action_dispatch/middleware/callbacks.rb:26:in `call'
actionpack (7.0.8) lib/action_dispatch/middleware/executor.rb:14:in `call'
actionpack (7.0.8) lib/action_dispatch/middleware/actionable_exceptions.rb:17:in `call'
actionpack (7.0.8) lib/action_dispatch/middleware/debug_exceptions.rb:28:in `call'
web-console (4.2.1) lib/web_console/middleware.rb:132:in `call_app'
web-console (4.2.1) lib/web_console/middleware.rb:28:in `block in call'
web-console (4.2.1) lib/web_console/middleware.rb:17:in `catch'
web-console (4.2.1) lib/web_console/middleware.rb:17:in `call'
actionpack (7.0.8) lib/action_dispatch/middleware/show_exceptions.rb:29:in `call'
railties (7.0.8) lib/rails/rack/logger.rb:40:in `call_app'
railties (7.0.8) lib/rails/rack/logger.rb:25:in `block in call'
activesupport (7.0.8) lib/active_support/tagged_logging.rb:99:in `block in tagged'
activesupport (7.0.8) lib/active_support/tagged_logging.rb:37:in `tagged'
activesupport (7.0.8) lib/active_support/tagged_logging.rb:99:in `tagged'
railties (7.0.8) lib/rails/rack/logger.rb:25:in `call'
sprockets-rails (3.4.2) lib/sprockets/rails/quiet_assets.rb:13:in `call'
actionpack (7.0.8) lib/action_dispatch/middleware/remote_ip.rb:93:in `call'
actionpack (7.0.8) lib/action_dispatch/middleware/request_id.rb:26:in `call'
rack (2.2.8) lib/rack/method_override.rb:24:in `call'
rack (2.2.8) lib/rack/runtime.rb:22:in `call'
activesupport (7.0.8) lib/active_support/cache/strategy/local_cache_middleware.rb:29:in `call'
actionpack (7.0.8) lib/action_dispatch/middleware/server_timing.rb:61:in `block in call'
actionpack (7.0.8) lib/action_dispatch/middleware/server_timing.rb:26:in `collect_events'
actionpack (7.0.8) lib/action_dispatch/middleware/server_timing.rb:60:in `call'
actionpack (7.0.8) lib/action_dispatch/middleware/executor.rb:14:in `call'
actionpack (7.0.8) lib/action_dispatch/middleware/static.rb:23:in `call'
rack (2.2.8) lib/rack/sendfile.rb:110:in `call'
actionpack (7.0.8) lib/action_dispatch/middleware/host_authorization.rb:138:in `call'
railties (7.0.8) lib/rails/engine.rb:530:in `call'
puma (5.6.7) lib/puma/configuration.rb:252:in `call'
puma (5.6.7) lib/puma/request.rb:77:in `block in handle_request'
puma (5.6.7) lib/puma/thread_pool.rb:340:in `with_force_shutdown'
puma (5.6.7) lib/puma/request.rb:76:in `handle_request'
puma (5.6.7) lib/puma/server.rb:443:in `process_client'
puma (5.6.7) lib/puma/thread_pool.rb:147:in `block in spawn_thread'
Started POST "/rails/actions" for 127.0.0.1 at 2023-12-12 23:25:00 +0600
  [1m[35m (0.9ms)[0m  [1m[34mSELECT pg_try_advisory_lock(1695407851365855270)[0m
  [1m[36mActiveRecord::SchemaMigration Pluck (0.3ms)[0m  [1m[34mSELECT "schema_migrations"."version" FROM "schema_migrations" ORDER BY "schema_migrations"."version" ASC[0m
Migrating to AddDeviseToUsers (20231003123637)
  [1m[36mTRANSACTION (0.1ms)[0m  [1m[35mBEGIN[0m
  [1m[35m (8.2ms)[0m  [1m[35mALTER TABLE "users" ADD "email" character varying DEFAULT '' NOT NULL[0m
  [1m[35m (0.3ms)[0m  [1m[35mALTER TABLE "users" ADD "encrypted_password" character varying DEFAULT '' NOT NULL[0m
  [1m[35m (0.2ms)[0m  [1m[35mALTER TABLE "users" ADD "reset_password_token" character varying[0m
  [1m[35m (0.2ms)[0m  [1m[35mALTER TABLE "users" ADD "reset_password_sent_at" timestamp(6)[0m
  [1m[35m (0.2ms)[0m  [1m[35mALTER TABLE "users" ADD "remember_created_at" timestamp(6)[0m
  [1m[35m (0.2ms)[0m  [1m[35mALTER TABLE "users" ADD "confirmation_token" character varying[0m
  [1m[35m (0.2ms)[0m  [1m[35mALTER TABLE "users" ADD "confirmed_at" timestamp(6)[0m
  [1m[35m (0.1ms)[0m  [1m[35mALTER TABLE "users" ADD "confirmation_sent_at" timestamp(6)[0m
  [1m[35m (11.3ms)[0m  [1m[35mALTER TABLE "users" ADD "unconfirmed_email" character varying[0m
  [1m[35m (8.0ms)[0m  [1m[35mCREATE UNIQUE INDEX "index_users_on_email" ON "users" ("email")[0m
  [1m[36mTRANSACTION (0.1ms)[0m  [1m[31mROLLBACK[0m
  [1m[35m (0.3ms)[0m  [1m[34mSELECT pg_advisory_unlock(1695407851365855270)[0m
  
StandardError (An error has occurred, this and all later migrations canceled:

PG::UniqueViolation: ERROR:  could not create unique index "index_users_on_email"
DETAIL:  Key (email)=() is duplicated.
):
  
activerecord (7.0.8) lib/active_record/connection_adapters/postgresql/database_statements.rb:48:in `exec'
activerecord (7.0.8) lib/active_record/connection_adapters/postgresql/database_statements.rb:48:in `block (2 levels) in execute'
activesupport (7.0.8) lib/active_support/concurrency/share_lock.rb:187:in `yield_shares'
activesupport (7.0.8) lib/active_support/dependencies/interlock.rb:41:in `permit_concurrent_loads'
activerecord (7.0.8) lib/active_record/connection_adapters/postgresql/database_statements.rb:47:in `block in execute'
activesupport (7.0.8) lib/active_support/concurrency/load_interlock_aware_monitor.rb:25:in `handle_interrupt'
activesupport (7.0.8) lib/active_support/concurrency/load_interlock_aware_monitor.rb:25:in `block in synchronize'
activesupport (7.0.8) lib/active_support/concurrency/load_interlock_aware_monitor.rb:21:in `handle_interrupt'
activesupport (7.0.8) lib/active_support/concurrency/load_interlock_aware_monitor.rb:21:in `synchronize'
activerecord (7.0.8) lib/active_record/connection_adapters/abstract_adapter.rb:752:in `block in log'
activesupport (7.0.8) lib/active_support/notifications/instrumenter.rb:24:in `instrument'
activerecord (7.0.8) lib/active_record/connection_adapters/abstract_adapter.rb:743:in `log'
activerecord (7.0.8) lib/active_record/connection_adapters/postgresql/database_statements.rb:46:in `execute'
activerecord (7.0.8) lib/active_record/connection_adapters/postgresql/schema_statements.rb:448:in `add_index'
activerecord (7.0.8) lib/active_record/migration.rb:965:in `block in method_missing'
activerecord (7.0.8) lib/active_record/migration.rb:935:in `block in say_with_time'
/Users/mdmahadihasanrifat/.rbenv/versions/3.2.2/lib/ruby/3.2.0/benchmark.rb:296:in `measure'
activerecord (7.0.8) lib/active_record/migration.rb:935:in `say_with_time'
activerecord (7.0.8) lib/active_record/migration.rb:954:in `method_missing'
activerecord (7.0.8) lib/active_record/migration.rb:695:in `method_missing'
db/migrate/20231003123637_add_devise_to_users.rb:40:in `up'
activerecord (7.0.8) lib/active_record/migration.rb:868:in `up'
activerecord (7.0.8) lib/active_record/migration.rb:908:in `public_send'
activerecord (7.0.8) lib/active_record/migration.rb:908:in `exec_migration'
activerecord (7.0.8) lib/active_record/migration.rb:889:in `block (2 levels) in migrate'
/Users/mdmahadihasanrifat/.rbenv/versions/3.2.2/lib/ruby/3.2.0/benchmark.rb:296:in `measure'
activerecord (7.0.8) lib/active_record/migration.rb:888:in `block in migrate'
activerecord (7.0.8) lib/active_record/connection_adapters/abstract/connection_pool.rb:215:in `with_connection'
activerecord (7.0.8) lib/active_record/migration.rb:887:in `migrate'
activerecord (7.0.8) lib/active_record/migration.rb:1095:in `migrate'
activerecord (7.0.8) lib/active_record/migration.rb:1409:in `block in execute_migration_in_transaction'
activerecord (7.0.8) lib/active_record/connection_adapters/abstract/transaction.rb:319:in `block in within_new_transaction'
activesupport (7.0.8) lib/active_support/concurrency/load_interlock_aware_monitor.rb:25:in `handle_interrupt'
activesupport (7.0.8) lib/active_support/concurrency/load_interlock_aware_monitor.rb:25:in `block in synchronize'
activesupport (7.0.8) lib/active_support/concurrency/load_interlock_aware_monitor.rb:21:in `handle_interrupt'
activesupport (7.0.8) lib/active_support/concurrency/load_interlock_aware_monitor.rb:21:in `synchronize'
activerecord (7.0.8) lib/active_record/connection_adapters/abstract/transaction.rb:317:in `within_new_transaction'
activerecord (7.0.8) lib/active_record/connection_adapters/abstract/database_statements.rb:316:in `transaction'
activerecord (7.0.8) lib/active_record/transactions.rb:209:in `transaction'
activerecord (7.0.8) lib/active_record/migration.rb:1460:in `ddl_transaction'
activerecord (7.0.8) lib/active_record/migration.rb:1408:in `execute_migration_in_transaction'
activerecord (7.0.8) lib/active_record/migration.rb:1382:in `each'
activerecord (7.0.8) lib/active_record/migration.rb:1382:in `migrate_without_lock'
activerecord (7.0.8) lib/active_record/migration.rb:1331:in `block in migrate'
activerecord (7.0.8) lib/active_record/migration.rb:1481:in `block in with_advisory_lock'
activerecord (7.0.8) lib/active_record/connection_adapters/abstract/connection_pool.rb:215:in `with_connection'
activerecord (7.0.8) lib/active_record/migration.rb:1496:in `with_advisory_lock_connection'
activerecord (7.0.8) lib/active_record/migration.rb:1477:in `with_advisory_lock'
activerecord (7.0.8) lib/active_record/migration.rb:1331:in `migrate'
activerecord (7.0.8) lib/active_record/migration.rb:1166:in `up'
activerecord (7.0.8) lib/active_record/migration.rb:1141:in `migrate'
activerecord (7.0.8) lib/active_record/tasks/database_tasks.rb:262:in `migrate'
activerecord (7.0.8) lib/active_record/migration.rb:137:in `block in <class:PendingMigrationError>'
activesupport (7.0.8) lib/active_support/actionable_error.rb:28:in `dispatch'
actionpack (7.0.8) lib/action_dispatch/middleware/actionable_exceptions.rb:19:in `call'
actionpack (7.0.8) lib/action_dispatch/middleware/debug_exceptions.rb:28:in `call'
web-console (4.2.1) lib/web_console/middleware.rb:132:in `call_app'
web-console (4.2.1) lib/web_console/middleware.rb:28:in `block in call'
web-console (4.2.1) lib/web_console/middleware.rb:17:in `catch'
web-console (4.2.1) lib/web_console/middleware.rb:17:in `call'
actionpack (7.0.8) lib/action_dispatch/middleware/show_exceptions.rb:29:in `call'
railties (7.0.8) lib/rails/rack/logger.rb:40:in `call_app'
railties (7.0.8) lib/rails/rack/logger.rb:25:in `block in call'
activesupport (7.0.8) lib/active_support/tagged_logging.rb:99:in `block in tagged'
activesupport (7.0.8) lib/active_support/tagged_logging.rb:37:in `tagged'
activesupport (7.0.8) lib/active_support/tagged_logging.rb:99:in `tagged'
railties (7.0.8) lib/rails/rack/logger.rb:25:in `call'
sprockets-rails (3.4.2) lib/sprockets/rails/quiet_assets.rb:13:in `call'
actionpack (7.0.8) lib/action_dispatch/middleware/remote_ip.rb:93:in `call'
actionpack (7.0.8) lib/action_dispatch/middleware/request_id.rb:26:in `call'
rack (2.2.8) lib/rack/method_override.rb:24:in `call'
rack (2.2.8) lib/rack/runtime.rb:22:in `call'
activesupport (7.0.8) lib/active_support/cache/strategy/local_cache_middleware.rb:29:in `call'
actionpack (7.0.8) lib/action_dispatch/middleware/server_timing.rb:61:in `block in call'
actionpack (7.0.8) lib/action_dispatch/middleware/server_timing.rb:26:in `collect_events'
actionpack (7.0.8) lib/action_dispatch/middleware/server_timing.rb:60:in `call'
actionpack (7.0.8) lib/action_dispatch/middleware/executor.rb:14:in `call'
actionpack (7.0.8) lib/action_dispatch/middleware/static.rb:23:in `call'
rack (2.2.8) lib/rack/sendfile.rb:110:in `call'
actionpack (7.0.8) lib/action_dispatch/middleware/host_authorization.rb:138:in `call'
railties (7.0.8) lib/rails/engine.rb:530:in `call'
puma (5.6.7) lib/puma/configuration.rb:252:in `call'
puma (5.6.7) lib/puma/request.rb:77:in `block in handle_request'
puma (5.6.7) lib/puma/thread_pool.rb:340:in `with_force_shutdown'
puma (5.6.7) lib/puma/request.rb:76:in `handle_request'
puma (5.6.7) lib/puma/server.rb:443:in `process_client'
puma (5.6.7) lib/puma/thread_pool.rb:147:in `block in spawn_thread'
  [1m[36mActiveRecord::SchemaMigration Pluck (1.8ms)[0m  [1m[34mSELECT "schema_migrations"."version" FROM "schema_migrations" ORDER BY "schema_migrations"."version" ASC[0m
  [1m[36mActiveRecord::InternalMetadata Pluck (0.8ms)[0m  [1m[34mSELECT "ar_internal_metadata"."value" FROM "ar_internal_metadata" WHERE "ar_internal_metadata"."key" = $1 LIMIT $2[0m  [["key", "environment"], ["LIMIT", 1]]
  [1m[36mActiveRecord::SchemaMigration Pluck (0.1ms)[0m  [1m[34mSELECT "schema_migrations"."version" FROM "schema_migrations" ORDER BY "schema_migrations"."version" ASC[0m
  [1m[36mActiveRecord::InternalMetadata Pluck (0.1ms)[0m  [1m[34mSELECT "ar_internal_metadata"."value" FROM "ar_internal_metadata" WHERE "ar_internal_metadata"."key" = $1 LIMIT $2[0m  [["key", "environment"], ["LIMIT", 1]]
  [1m[36mActiveRecord::SchemaMigration Pluck (0.1ms)[0m  [1m[34mSELECT "schema_migrations"."version" FROM "schema_migrations" ORDER BY "schema_migrations"."version" ASC[0m
  [1m[36mActiveRecord::InternalMetadata Pluck (0.1ms)[0m  [1m[34mSELECT "ar_internal_metadata"."value" FROM "ar_internal_metadata" WHERE "ar_internal_metadata"."key" = $1 LIMIT $2[0m  [["key", "environment"], ["LIMIT", 1]]
  [1m[35m (71.4ms)[0m  [1m[35mDROP DATABASE IF EXISTS "Blog_app_development"[0m
  [1m[35m (43.8ms)[0m  [1m[35mDROP DATABASE IF EXISTS "Blog_app_test"[0m
  [1m[35m (101.4ms)[0m  [1m[35mCREATE DATABASE "Blog_app_development" ENCODING = 'unicode'[0m
  [1m[35m (39.1ms)[0m  [1m[35mCREATE DATABASE "Blog_app_test" ENCODING = 'unicode'[0m
  [1m[35mSQL (0.4ms)[0m  [1m[35mCREATE EXTENSION IF NOT EXISTS "plpgsql"[0m
  [1m[35m (0.3ms)[0m  [1m[35mDROP TABLE IF EXISTS "comments" CASCADE[0m
  [1m[35m (4.0ms)[0m  [1m[35mCREATE TABLE "comments" ("id" bigserial primary key, "text" text, "created_at" timestamp(6) NOT NULL, "updated_at" timestamp(6) NOT NULL, "user_id" bigint NOT NULL, "post_id" bigint NOT NULL)[0m
  [1m[35m (0.5ms)[0m  [1m[35mCREATE INDEX "index_comments_on_post_id" ON "comments" ("post_id")[0m
  [1m[35m (0.3ms)[0m  [1m[35mCREATE INDEX "index_comments_on_user_id" ON "comments" ("user_id")[0m
  [1m[35m (0.0ms)[0m  [1m[35mDROP TABLE IF EXISTS "likes" CASCADE[0m
  [1m[35m (0.8ms)[0m  [1m[35mCREATE TABLE "likes" ("id" bigserial primary key, "created_at" timestamp(6) NOT NULL, "updated_at" timestamp(6) NOT NULL, "user_id" bigint NOT NULL, "post_id" bigint NOT NULL)[0m
  [1m[35m (0.5ms)[0m  [1m[35mCREATE INDEX "index_likes_on_post_id" ON "likes" ("post_id")[0m
  [1m[35m (0.3ms)[0m  [1m[35mCREATE INDEX "index_likes_on_user_id" ON "likes" ("user_id")[0m
  [1m[35m (0.1ms)[0m  [1m[35mDROP TABLE IF EXISTS "posts" CASCADE[0m
  [1m[35m (1.1ms)[0m  [1m[35mCREATE TABLE "posts" ("id" bigserial primary key, "title" character varying, "text" text, "comments_counter" integer, "likes_counter" integer, "created_at" timestamp(6) NOT NULL, "updated_at" timestamp(6) NOT NULL, "author_id" bigint NOT NULL)[0m
  [1m[35m (0.4ms)[0m  [1m[35mCREATE INDEX "index_posts_on_author_id" ON "posts" ("author_id")[0m
  [1m[35m (0.0ms)[0m  [1m[35mDROP TABLE IF EXISTS "users" CASCADE[0m
  [1m[35m (1.1ms)[0m  [1m[35mCREATE TABLE "users" ("id" bigserial primary key, "name" character varying, "photo" character varying DEFAULT 'https://drive.google.com/file/d/1Bn5NyWmV5Eo_WI7dq2nZYlMheA0kiDBh/view?usp=sharing', "bio" text, "posts_counter" integer, "created_at" timestamp(6) NOT NULL, "updated_at" timestamp(6) NOT NULL, "email" character varying DEFAULT '' NOT NULL, "encrypted_password" character varying DEFAULT '' NOT NULL, "reset_password_token" character varying, "reset_password_sent_at" timestamp(6), "remember_created_at" timestamp(6), "confirmation_token" character varying, "confirmed_at" timestamp(6), "confirmation_sent_at" timestamp(6), "unconfirmed_email" character varying, "role" character varying)[0m
  [1m[35m (0.5ms)[0m  [1m[35mCREATE UNIQUE INDEX "index_users_on_email" ON "users" ("email")[0m
  [1m[35m (0.5ms)[0m  [1m[35mCREATE UNIQUE INDEX "index_users_on_reset_password_token" ON "users" ("reset_password_token")[0m
  [1m[35m (1.4ms)[0m  [1m[35mALTER TABLE "comments" ADD CONSTRAINT "fk_rails_2fd19c0db7"
FOREIGN KEY ("post_id")
  REFERENCES "posts" ("id")
 ON DELETE CASCADE[0m
  [1m[35m (0.3ms)[0m  [1m[35mALTER TABLE "comments" ADD CONSTRAINT "fk_rails_03de2dc08c"
FOREIGN KEY ("user_id")
  REFERENCES "users" ("id")
[0m
  [1m[35m (0.3ms)[0m  [1m[35mALTER TABLE "likes" ADD CONSTRAINT "fk_rails_87a8aac469"
FOREIGN KEY ("post_id")
  REFERENCES "posts" ("id")
 ON DELETE CASCADE[0m
  [1m[35m (0.3ms)[0m  [1m[35mALTER TABLE "likes" ADD CONSTRAINT "fk_rails_1e09b5dabf"
FOREIGN KEY ("user_id")
  REFERENCES "users" ("id")
[0m
  [1m[35m (0.6ms)[0m  [1m[35mALTER TABLE "posts" ADD CONSTRAINT "fk_rails_04d13ef8c7"
FOREIGN KEY ("author_id")
  REFERENCES "users" ("id")
[0m
  [1m[35m (0.9ms)[0m  [1m[35mCREATE TABLE "schema_migrations" ("version" character varying NOT NULL PRIMARY KEY)[0m
  [1m[36mActiveRecord::SchemaMigration Pluck (0.1ms)[0m  [1m[34mSELECT "schema_migrations"."version" FROM "schema_migrations" ORDER BY "schema_migrations"."version" ASC[0m
  [1m[35m (0.2ms)[0m  [1m[32mINSERT INTO "schema_migrations" (version) VALUES (20231004191612)[0m
  [1m[35m (0.3ms)[0m  [1m[32mINSERT INTO "schema_migrations" (version) VALUES
(20230918110028),
(20230918110756),
(20230918110945),
(20230918111438),
(20230918112835),
(20230918113021),
(20230918113151),
(20230918113315),
(20230918113510),
(20230918113732),
(20231003123637),
(20231003184007),
(20231004104925),
(20231004150213);

[0m
  [1m[35m (1.1ms)[0m  [1m[35mCREATE TABLE "ar_internal_metadata" ("key" character varying NOT NULL PRIMARY KEY, "value" character varying, "created_at" timestamp(6) NOT NULL, "updated_at" timestamp(6) NOT NULL)[0m
  [1m[36mActiveRecord::InternalMetadata Load (0.1ms)[0m  [1m[34mSELECT "ar_internal_metadata".* FROM "ar_internal_metadata" WHERE "ar_internal_metadata"."key" = $1 LIMIT $2[0m  [["key", "environment"], ["LIMIT", 1]]
  [1m[36mTRANSACTION (0.1ms)[0m  [1m[35mBEGIN[0m
  [1m[36mActiveRecord::InternalMetadata Create (0.3ms)[0m  [1m[32mINSERT INTO "ar_internal_metadata" ("key", "value", "created_at", "updated_at") VALUES ($1, $2, $3, $4) RETURNING "key"[0m  [["key", "environment"], ["value", "development"], ["created_at", "2023-12-15 18:50:12.531903"], ["updated_at", "2023-12-15 18:50:12.531903"]]
  [1m[36mTRANSACTION (0.1ms)[0m  [1m[35mCOMMIT[0m
  [1m[36mActiveRecord::InternalMetadata Load (0.1ms)[0m  [1m[34mSELECT "ar_internal_metadata".* FROM "ar_internal_metadata" WHERE "ar_internal_metadata"."key" = $1 LIMIT $2[0m  [["key", "environment"], ["LIMIT", 1]]
  [1m[36mActiveRecord::InternalMetadata Load (0.1ms)[0m  [1m[34mSELECT "ar_internal_metadata".* FROM "ar_internal_metadata" WHERE "ar_internal_metadata"."key" = $1 LIMIT $2[0m  [["key", "schema_sha1"], ["LIMIT", 1]]
  [1m[36mTRANSACTION (0.0ms)[0m  [1m[35mBEGIN[0m
  [1m[36mActiveRecord::InternalMetadata Create (0.1ms)[0m  [1m[32mINSERT INTO "ar_internal_metadata" ("key", "value", "created_at", "updated_at") VALUES ($1, $2, $3, $4) RETURNING "key"[0m  [["key", "schema_sha1"], ["value", "3414a016e1c023ba286a23b67cccaa4481e489e3"], ["created_at", "2023-12-15 18:50:12.559002"], ["updated_at", "2023-12-15 18:50:12.559002"]]
  [1m[36mTRANSACTION (0.1ms)[0m  [1m[35mCOMMIT[0m
  [1m[35mSQL (0.1ms)[0m  [1m[35mCREATE EXTENSION IF NOT EXISTS "plpgsql"[0m
  [1m[35m (0.0ms)[0m  [1m[35mDROP TABLE IF EXISTS "comments" CASCADE[0m
  [1m[35m (2.8ms)[0m  [1m[35mCREATE TABLE "comments" ("id" bigserial primary key, "text" text, "created_at" timestamp(6) NOT NULL, "updated_at" timestamp(6) NOT NULL, "user_id" bigint NOT NULL, "post_id" bigint NOT NULL)[0m
  [1m[35m (0.5ms)[0m  [1m[35mCREATE INDEX "index_comments_on_post_id" ON "comments" ("post_id")[0m
  [1m[35m (0.5ms)[0m  [1m[35mCREATE INDEX "index_comments_on_user_id" ON "comments" ("user_id")[0m
  [1m[35m (0.0ms)[0m  [1m[35mDROP TABLE IF EXISTS "likes" CASCADE[0m
  [1m[35m (1.0ms)[0m  [1m[35mCREATE TABLE "likes" ("id" bigserial primary key, "created_at" timestamp(6) NOT NULL, "updated_at" timestamp(6) NOT NULL, "user_id" bigint NOT NULL, "post_id" bigint NOT NULL)[0m
  [1m[35m (0.6ms)[0m  [1m[35mCREATE INDEX "index_likes_on_post_id" ON "likes" ("post_id")[0m
  [1m[35m (0.4ms)[0m  [1m[35mCREATE INDEX "index_likes_on_user_id" ON "likes" ("user_id")[0m
  [1m[35m (0.0ms)[0m  [1m[35mDROP TABLE IF EXISTS "posts" CASCADE[0m
  [1m[35m (1.2ms)[0m  [1m[35mCREATE TABLE "posts" ("id" bigserial primary key, "title" character varying, "text" text, "comments_counter" integer, "likes_counter" integer, "created_at" timestamp(6) NOT NULL, "updated_at" timestamp(6) NOT NULL, "author_id" bigint NOT NULL)[0m
  [1m[35m (0.5ms)[0m  [1m[35mCREATE INDEX "index_posts_on_author_id" ON "posts" ("author_id")[0m
  [1m[35m (0.0ms)[0m  [1m[35mDROP TABLE IF EXISTS "users" CASCADE[0m
  [1m[35m (1.6ms)[0m  [1m[35mCREATE TABLE "users" ("id" bigserial primary key, "name" character varying, "photo" character varying DEFAULT 'https://drive.google.com/file/d/1Bn5NyWmV5Eo_WI7dq2nZYlMheA0kiDBh/view?usp=sharing', "bio" text, "posts_counter" integer, "created_at" timestamp(6) NOT NULL, "updated_at" timestamp(6) NOT NULL, "email" character varying DEFAULT '' NOT NULL, "encrypted_password" character varying DEFAULT '' NOT NULL, "reset_password_token" character varying, "reset_password_sent_at" timestamp(6), "remember_created_at" timestamp(6), "confirmation_token" character varying, "confirmed_at" timestamp(6), "confirmation_sent_at" timestamp(6), "unconfirmed_email" character varying, "role" character varying)[0m
  [1m[35m (0.6ms)[0m  [1m[35mCREATE UNIQUE INDEX "index_users_on_email" ON "users" ("email")[0m
  [1m[35m (0.5ms)[0m  [1m[35mCREATE UNIQUE INDEX "index_users_on_reset_password_token" ON "users" ("reset_password_token")[0m
  [1m[35m (1.1ms)[0m  [1m[35mALTER TABLE "comments" ADD CONSTRAINT "fk_rails_2fd19c0db7"
FOREIGN KEY ("post_id")
  REFERENCES "posts" ("id")
 ON DELETE CASCADE[0m
  [1m[35m (0.4ms)[0m  [1m[35mALTER TABLE "comments" ADD CONSTRAINT "fk_rails_03de2dc08c"
FOREIGN KEY ("user_id")
  REFERENCES "users" ("id")
[0m
  [1m[35m (0.4ms)[0m  [1m[35mALTER TABLE "likes" ADD CONSTRAINT "fk_rails_87a8aac469"
FOREIGN KEY ("post_id")
  REFERENCES "posts" ("id")
 ON DELETE CASCADE[0m
  [1m[35m (0.5ms)[0m  [1m[35mALTER TABLE "likes" ADD CONSTRAINT "fk_rails_1e09b5dabf"
FOREIGN KEY ("user_id")
  REFERENCES "users" ("id")
[0m
  [1m[35m (0.3ms)[0m  [1m[35mALTER TABLE "posts" ADD CONSTRAINT "fk_rails_04d13ef8c7"
FOREIGN KEY ("author_id")
  REFERENCES "users" ("id")
[0m
  [1m[35m (1.2ms)[0m  [1m[35mCREATE TABLE "schema_migrations" ("version" character varying NOT NULL PRIMARY KEY)[0m
  [1m[36mActiveRecord::SchemaMigration Pluck (0.1ms)[0m  [1m[34mSELECT "schema_migrations"."version" FROM "schema_migrations" ORDER BY "schema_migrations"."version" ASC[0m
  [1m[35m (0.2ms)[0m  [1m[32mINSERT INTO "schema_migrations" (version) VALUES (20231004191612)[0m
  [1m[35m (0.1ms)[0m  [1m[32mINSERT INTO "schema_migrations" (version) VALUES
(20230918110028),
(20230918110756),
(20230918110945),
(20230918111438),
(20230918112835),
(20230918113021),
(20230918113151),
(20230918113315),
(20230918113510),
(20230918113732),
(20231003123637),
(20231003184007),
(20231004104925),
(20231004150213);

[0m
  [1m[35m (1.1ms)[0m  [1m[35mCREATE TABLE "ar_internal_metadata" ("key" character varying NOT NULL PRIMARY KEY, "value" character varying, "created_at" timestamp(6) NOT NULL, "updated_at" timestamp(6) NOT NULL)[0m
  [1m[36mActiveRecord::InternalMetadata Load (0.1ms)[0m  [1m[34mSELECT "ar_internal_metadata".* FROM "ar_internal_metadata" WHERE "ar_internal_metadata"."key" = $1 LIMIT $2[0m  [["key", "environment"], ["LIMIT", 1]]
  [1m[36mTRANSACTION (0.0ms)[0m  [1m[35mBEGIN[0m
  [1m[36mActiveRecord::InternalMetadata Create (0.1ms)[0m  [1m[32mINSERT INTO "ar_internal_metadata" ("key", "value", "created_at", "updated_at") VALUES ($1, $2, $3, $4) RETURNING "key"[0m  [["key", "environment"], ["value", "development"], ["created_at", "2023-12-15 18:50:12.593330"], ["updated_at", "2023-12-15 18:50:12.593330"]]
  [1m[36mTRANSACTION (0.1ms)[0m  [1m[35mCOMMIT[0m
  [1m[36mActiveRecord::InternalMetadata Load (0.0ms)[0m  [1m[34mSELECT "ar_internal_metadata".* FROM "ar_internal_metadata" WHERE "ar_internal_metadata"."key" = $1 LIMIT $2[0m  [["key", "environment"], ["LIMIT", 1]]
  [1m[36mTRANSACTION (0.0ms)[0m  [1m[35mBEGIN[0m
  [1m[36mActiveRecord::InternalMetadata Update (0.1ms)[0m  [1m[33mUPDATE "ar_internal_metadata" SET "value" = $1, "updated_at" = $2 WHERE "ar_internal_metadata"."key" = $3[0m  [["value", "test"], ["updated_at", "2023-12-15 18:50:12.595376"], ["key", "environment"]]
  [1m[36mTRANSACTION (0.1ms)[0m  [1m[35mCOMMIT[0m
  [1m[36mActiveRecord::InternalMetadata Load (0.0ms)[0m  [1m[34mSELECT "ar_internal_metadata".* FROM "ar_internal_metadata" WHERE "ar_internal_metadata"."key" = $1 LIMIT $2[0m  [["key", "schema_sha1"], ["LIMIT", 1]]
  [1m[36mTRANSACTION (0.0ms)[0m  [1m[35mBEGIN[0m
  [1m[36mActiveRecord::InternalMetadata Create (0.1ms)[0m  [1m[32mINSERT INTO "ar_internal_metadata" ("key", "value", "created_at", "updated_at") VALUES ($1, $2, $3, $4) RETURNING "key"[0m  [["key", "schema_sha1"], ["value", "3414a016e1c023ba286a23b67cccaa4481e489e3"], ["created_at", "2023-12-15 18:50:12.597288"], ["updated_at", "2023-12-15 18:50:12.597288"]]
  [1m[36mTRANSACTION (0.1ms)[0m  [1m[35mCOMMIT[0m
  [1m[36mActiveRecord::SchemaMigration Pluck (0.2ms)[0m  [1m[34mSELECT "schema_migrations"."version" FROM "schema_migrations" ORDER BY "schema_migrations"."version" ASC[0m
Started GET "/" for 127.0.0.1 at 2023-12-16 00:50:26 +0600
  [1m[36mActiveRecord::SchemaMigration Pluck (0.5ms)[0m  [1m[34mSELECT "schema_migrations"."version" FROM "schema_migrations" ORDER BY "schema_migrations"."version" ASC[0m
Processing by UsersController#index as HTML
Completed 401 Unauthorized in 6ms (ActiveRecord: 0.0ms | Allocations: 6017)


Started GET "/users/sign_in" for 127.0.0.1 at 2023-12-16 00:50:26 +0600
Processing by Devise::SessionsController#new as HTML
  Rendering layout layouts/application.html.erb
  Rendering devise/sessions/new.html.erb within layouts/application
  Rendered devise/shared/_links.html.erb (Duration: 1.2ms | Allocations: 841)
  Rendered devise/sessions/new.html.erb within layouts/application (Duration: 9.7ms | Allocations: 4507)
  Rendered layout layouts/application.html.erb (Duration: 45.5ms | Allocations: 44459)
Completed 200 OK in 64ms (Views: 49.3ms | ActiveRecord: 7.5ms | Allocations: 57515)


Started GET "/users/sign_up" for 127.0.0.1 at 2023-12-16 00:50:35 +0600
Processing by Devise::RegistrationsController#new as HTML
  Rendering layout layouts/application.html.erb
  Rendering devise/registrations/new.html.erb within layouts/application
  Rendered devise/shared/_error_messages.html.erb (Duration: 0.5ms | Allocations: 235)
  Rendered devise/shared/_links.html.erb (Duration: 0.5ms | Allocations: 211)
  Rendered devise/registrations/new.html.erb within layouts/application (Duration: 6.9ms | Allocations: 2923)
  Rendered layout layouts/application.html.erb (Duration: 10.0ms | Allocations: 5072)
Completed 200 OK in 14ms (Views: 11.9ms | ActiveRecord: 0.0ms | Allocations: 6227)


Started POST "/users" for 127.0.0.1 at 2023-12-16 00:50:50 +0600
Processing by Devise::RegistrationsController#create as TURBO_STREAM
  Parameters: {"authenticity_token"=>"[FILTERED]", "user"=>{"name"=>"Md Mahadi Hasan Rifat", "bio"=>"Teacher", "email"=>"mahadihasanrifat86@gmail.com", "password"=>"[FILTERED]", "password_confirmation"=>"[FILTERED]"}, "commit"=>"Sign up"}
  [1m[36mTRANSACTION (0.1ms)[0m  [1m[35mBEGIN[0m
  [1m[36mUser Exists? (1.5ms)[0m  [1m[34mSELECT 1 AS one FROM "users" WHERE "users"."email" = $1 LIMIT $2[0m  [["email", "mahadihasanrifat86@gmail.com"], ["LIMIT", 1]]
  [1m[36mUser Create (2.0ms)[0m  [1m[32mINSERT INTO "users" ("name", "photo", "bio", "posts_counter", "created_at", "updated_at", "email", "encrypted_password", "reset_password_token", "reset_password_sent_at", "remember_created_at", "confirmation_token", "confirmed_at", "confirmation_sent_at", "unconfirmed_email", "role") VALUES ($1, $2, $3, $4, $5, $6, $7, $8, $9, $10, $11, $12, $13, $14, $15, $16) RETURNING "id"[0m  [["name", "Md Mahadi Hasan Rifat"], ["photo", "https://drive.google.com/file/d/1Bn5NyWmV5Eo_WI7dq2nZYlMheA0kiDBh/view?usp=sharing"], ["bio", "Teacher"], ["posts_counter", 0], ["created_at", "2023-12-15 18:50:51.136030"], ["updated_at", "2023-12-15 18:50:51.136030"], ["email", "mahadihasanrifat86@gmail.com"], ["encrypted_password", "[FILTERED]"], ["reset_password_token", "[FILTERED]"], ["reset_password_sent_at", "[FILTERED]"], ["remember_created_at", nil], ["confirmation_token", "[FILTERED]"], ["confirmed_at", nil], ["confirmation_sent_at", "2023-12-15 18:50:51.136101"], ["unconfirmed_email", nil], ["role", nil]]
  [1m[36mTRANSACTION (0.4ms)[0m  [1m[35mCOMMIT[0m
  Rendering devise/mailer/confirmation_instructions.html.erb
  Rendered devise/mailer/confirmation_instructions.html.erb (Duration: 0.5ms | Allocations: 319)
Devise::Mailer#confirmation_instructions: processed outbound mail in 6.7ms
Delivered mail 657ca00b263e9_1a2441a031828@Mds-MacBook-Air.local.mail (19.1ms)
Date: Sat, 16 Dec 2023 00:50:51 +0600
From: please-change-me-at-config-initializers-devise@example.com
Reply-To: please-change-me-at-config-initializers-devise@example.com
To: mahadihasanrifat86@gmail.com
Message-ID: <657ca00b263e9_1a2441a031828@Mds-MacBook-Air.local.mail>
Subject: Confirmation instructions
Mime-Version: 1.0
Content-Type: text/html;
 charset=UTF-8
Content-Transfer-Encoding: 7bit

<p>Welcome mahadihasanrifat86@gmail.com!</p>

<p>You can confirm your account email through the link below:</p>

<p><a href="http://localhost:3000/users/confirmation?confirmation_token=msAyyq_hy1qLzULMKL6d">Confirm my account</a></p>

Redirected to http://127.0.0.1:3000/
Completed 303 See Other in 317ms (ActiveRecord: 3.9ms | Allocations: 36184)


Started GET "/" for 127.0.0.1 at 2023-12-16 00:50:51 +0600
Processing by UsersController#index as TURBO_STREAM
Completed 401 Unauthorized in 0ms (ActiveRecord: 0.0ms | Allocations: 331)


Started GET "/users/sign_in" for 127.0.0.1 at 2023-12-16 00:50:51 +0600
Processing by Devise::SessionsController#new as TURBO_STREAM
  Rendering layout layouts/application.html.erb
  Rendering devise/sessions/new.html.erb within layouts/application
  Rendered devise/shared/_links.html.erb (Duration: 0.1ms | Allocations: 187)
  Rendered devise/sessions/new.html.erb within layouts/application (Duration: 0.6ms | Allocations: 1270)
  Rendered layout layouts/application.html.erb (Duration: 1.8ms | Allocations: 3357)
Completed 200 OK in 3ms (Views: 2.2ms | ActiveRecord: 0.0ms | Allocations: 4052)


